<?xml version="1.0" encoding="UTF-8"?>
<!-- Generated by org.testng.reporters.JUnitReportReporter -->
<testsuite hostname="Hp-PC" failures="0" tests="3" name="mypackage.TestClass" time="0.010" errors="0" timestamp="18 Mar 2022 06:57:13 GMT">
  <testcase classname="mypackage.TestClass" name="Test1" time="0.001"/>
  <testcase classname="mypackage.TestClass" name="Test2" time="0.000"/>
  <testcase classname="mypackage.TestClass" name="Test3" time="0.009"/>
</testsuite> <!-- mypackage.TestClass -->
